CRITICAL - 2024-11-27 12:57:48 --> CodeIgniter\View\Exceptions\ViewException: Invalid file: "pages/facilities.php"
[Method: GET, Route: facilities]
in SYSTEMPATH/Exceptions/FrameworkException.php on line 41.
 1 SYSTEMPATH/View/View.php(222): CodeIgniter\Exceptions\FrameworkException::forInvalidFile('pages/facilities.php')
 2 SYSTEMPATH/Common.php(1171): CodeIgniter\View\View->render('pages/facilities', [], true)
 3 APPPATH/Controllers/Home.php(73): view('pages/facilities')
 4 SYSTEMPATH/CodeIgniter.php(933): App\Controllers\Home->facilities()
 5 SYSTEMPATH/CodeIgniter.php(509): CodeIgniter\CodeIgniter->runController(Object(App\Controllers\Home))
 6 SYSTEMPATH/CodeIgniter.php(355): CodeIgniter\CodeIgniter->handleRequest(null, Object(Config\Cache), false)
 7 SYSTEMPATH/Boot.php(325): CodeIgniter\CodeIgniter->run()
 8 SYSTEMPATH/Boot.php(67): CodeIgniter\Boot::runCodeIgniter(Object(CodeIgniter\CodeIgniter))
 9 FCPATH/index.php(56): CodeIgniter\Boot::bootWeb(Object(Config\Paths))
CRITICAL - 2024-11-27 12:57:55 --> CodeIgniter\View\Exceptions\ViewException: Invalid file: "pages/facilities.php"
[Method: GET, Route: facilities]
in SYSTEMPATH/Exceptions/FrameworkException.php on line 41.
 1 SYSTEMPATH/View/View.php(222): CodeIgniter\Exceptions\FrameworkException::forInvalidFile('pages/facilities.php')
 2 SYSTEMPATH/Common.php(1171): CodeIgniter\View\View->render('pages/facilities', [], true)
 3 APPPATH/Controllers/Home.php(73): view('pages/facilities')
 4 SYSTEMPATH/CodeIgniter.php(933): App\Controllers\Home->facilities()
 5 SYSTEMPATH/CodeIgniter.php(509): CodeIgniter\CodeIgniter->runController(Object(App\Controllers\Home))
 6 SYSTEMPATH/CodeIgniter.php(355): CodeIgniter\CodeIgniter->handleRequest(null, Object(Config\Cache), false)
 7 SYSTEMPATH/Boot.php(325): CodeIgniter\CodeIgniter->run()
 8 SYSTEMPATH/Boot.php(67): CodeIgniter\Boot::runCodeIgniter(Object(CodeIgniter\CodeIgniter))
 9 FCPATH/index.php(56): CodeIgniter\Boot::bootWeb(Object(Config\Paths))
