CRITICAL - 2024-11-21 12:52:42 --> CodeIgniter\View\Exceptions\ViewException: Invalid file: "pages/events.php"
[Method: GET, Route: events]
in SYSTEMPATH/Exceptions/FrameworkException.php on line 41.
 1 SYSTEMPATH/View/View.php(222): CodeIgniter\Exceptions\FrameworkException::forInvalidFile('pages/events.php')
 2 SYSTEMPATH/Common.php(1171): CodeIgniter\View\View->render('pages/events', [], true)
 3 APPPATH/Controllers/Home.php(32): view('pages/events')
 4 SYSTEMPATH/CodeIgniter.php(933): App\Controllers\Home->events()
 5 SYSTEMPATH/CodeIgniter.php(509): CodeIgniter\CodeIgniter->runController(Object(App\Controllers\Home))
 6 SYSTEMPATH/CodeIgniter.php(355): CodeIgniter\CodeIgniter->handleRequest(null, Object(Config\Cache), false)
 7 SYSTEMPATH/Boot.php(325): CodeIgniter\CodeIgniter->run()
 8 SYSTEMPATH/Boot.php(67): CodeIgniter\Boot::runCodeIgniter(Object(CodeIgniter\CodeIgniter))
 9 FCPATH/index.php(56): CodeIgniter\Boot::bootWeb(Object(Config\Paths))
CRITICAL - 2024-11-21 12:53:10 --> ErrorException: Undefined variable $content
[Method: GET, Route: events]
in APPPATH/Views/index.php on line 131.
 1 APPPATH/Views/index.php(131): CodeIgniter\Debug\Exceptions->errorHandler(2, 'Undefined variable $content', '/opt/lampp/htdocs/surjan_website/app/Views/index.php', 131)
 2 SYSTEMPATH/View/View.php(234): include('/opt/lampp/htdocs/surjan_website/app/Views/index.php')
 3 SYSTEMPATH/View/View.php(237): CodeIgniter\View\View->CodeIgniter\View\{closure}()
 4 SYSTEMPATH/Common.php(1171): CodeIgniter\View\View->render('index', [], true)
 5 APPPATH/Controllers/Home.php(34): view('index', [...])
 6 SYSTEMPATH/CodeIgniter.php(933): App\Controllers\Home->events()
 7 SYSTEMPATH/CodeIgniter.php(509): CodeIgniter\CodeIgniter->runController(Object(App\Controllers\Home))
 8 SYSTEMPATH/CodeIgniter.php(355): CodeIgniter\CodeIgniter->handleRequest(null, Object(Config\Cache), false)
 9 SYSTEMPATH/Boot.php(325): CodeIgniter\CodeIgniter->run()
10 SYSTEMPATH/Boot.php(67): CodeIgniter\Boot::runCodeIgniter(Object(CodeIgniter\CodeIgniter))
11 FCPATH/index.php(56): CodeIgniter\Boot::bootWeb(Object(Config\Paths))
